{"level":"info","message":"Server running on port 3003","timestamp":"2025-05-16 00:03:02"}
{"level":"info","message":"Server ist erreichbar unter:","timestamp":"2025-05-16 00:03:02"}
{"level":"info","message":"- Lokal: http://localhost:3003","timestamp":"2025-05-16 00:03:02"}
{"level":"info","message":"- Im Netzwerk: http://<deine-lokale-IP>:3003","timestamp":"2025-05-16 00:03:02"}
{"level":"info","message":"MongoDB connected successfully","timestamp":"2025-05-16 00:03:02"}
{"level":"info","message":"Server running on port 3003","timestamp":"2025-05-16 00:04:10"}
{"level":"info","message":"Server ist erreichbar unter:","timestamp":"2025-05-16 00:04:10"}
{"level":"info","message":"- Lokal: http://localhost:3003","timestamp":"2025-05-16 00:04:10"}
{"level":"info","message":"- Im Netzwerk: http://<deine-lokale-IP>:3003","timestamp":"2025-05-16 00:04:10"}
{"level":"info","message":"MongoDB connected successfully","timestamp":"2025-05-16 00:04:10"}
{"level":"info","message":"Server running on port 3003","timestamp":"2025-05-16 00:13:58"}
{"level":"info","message":"Server ist erreichbar unter:","timestamp":"2025-05-16 00:13:58"}
{"level":"info","message":"- Lokal: http://localhost:3003","timestamp":"2025-05-16 00:13:58"}
{"level":"info","message":"- Im Netzwerk: http://<deine-lokale-IP>:3003","timestamp":"2025-05-16 00:13:58"}
{"level":"info","message":"MongoDB connected successfully","timestamp":"2025-05-16 00:13:58"}
{"level":"info","message":"Server running on port 3003","timestamp":"2025-05-16 00:27:20"}
{"level":"info","message":"Server ist erreichbar unter:","timestamp":"2025-05-16 00:27:20"}
{"level":"info","message":"- Lokal: http://localhost:3003","timestamp":"2025-05-16 00:27:20"}
{"level":"info","message":"- Im Netzwerk: http://<deine-lokale-IP>:3003","timestamp":"2025-05-16 00:27:20"}
{"level":"info","message":"MongoDB connected successfully","timestamp":"2025-05-16 00:27:20"}
